#
# There is insufficient memory for the Java Runtime Environment to continue.
# Native memory allocation (malloc) failed to allocate 251344 bytes. Error detail: Chunk::new
# Possible reasons:
#   The system is out of physical RAM or swap space
#   This process is running with CompressedOops enabled, and the Java Heap may be blocking the growth of the native heap
# Possible solutions:
#   Reduce memory load on the system
#   Increase physical memory or swap space
#   Check if swap backing store is full
#   Decrease Java heap size (-Xmx/-Xms)
#   Decrease number of Java threads
#   Decrease Java thread stack sizes (-Xss)
#   Set larger code cache with -XX:ReservedCodeCacheSize=
#   JVM is running with Unscaled Compressed Oops mode in which the Java heap is
#     placed in the first 4GB address space. The Java Heap base address is the
#     maximum limit for the native heap growth. Please use -XX:HeapBaseMinAddress
#     to set the Java Heap base and to place the Java Heap above 4GB virtual address.
# This output file may be truncated or incomplete.
#
#  Out of Memory Error (arena.cpp:191), pid=16508, tid=9440
#
# JRE version: OpenJDK Runtime Environment Temurin-17.0.11+9 (17.0.11+9) (build 17.0.11+9)
# Java VM: OpenJDK 64-Bit Server VM Temurin-17.0.11+9 (17.0.11+9, mixed mode, tiered, compressed oops, compressed class ptrs, parallel gc, windows-amd64)
# No core dump will be written. Minidumps are not enabled by default on client versions of Windows
#

---------------  S U M M A R Y ------------

Command Line: --add-modules=ALL-SYSTEM --add-opens=java.base/java.util=ALL-UNNAMED --add-opens=java.base/java.lang=ALL-UNNAMED --add-opens=java.base/sun.nio.fs=ALL-UNNAMED -Declipse.application=org.eclipse.jdt.ls.core.id1 -Dosgi.bundles.defaultStartLevel=4 -Declipse.product=org.eclipse.jdt.ls.core.product -Djava.import.generatesMetadataFilesAtProjectRoot=false -DDetectVMInstallationsJob.disabled=true -Dfile.encoding=utf8 -XX:+UseParallelGC -XX:GCTimeRatio=4 -XX:AdaptiveSizePolicyWeight=90 -Dsun.zip.disableMemoryMapping=true -Xmx1G -Xms100m -Xlog:disable -javaagent:c:\Users\User\.vscode\extensions\redhat.java-1.32.0-win32-x64\lombok\lombok-1.18.33.jar -XX:+HeapDumpOnOutOfMemoryError -XX:HeapDumpPath=c:\Users\User\AppData\Roaming\Code\User\workspaceStorage\5149e2c23c488972ad50cadfdd88e65e\redhat.java -Daether.dependencyCollector.impl=bf c:\Users\User\.vscode\extensions\redhat.java-1.32.0-win32-x64\server\plugins\org.eclipse.equinox.launcher_1.6.900.v20240613-2009.jar -configuration c:\Users\User\AppData\Roaming\Code\User\globalStorage\redhat.java\1.32.0\config_win -data c:\Users\User\AppData\Roaming\Code\User\workspaceStorage\5149e2c23c488972ad50cadfdd88e65e\redhat.java\jdt_ws --pipe=\\.\pipe\lsp-5db8c1ecb1476afe2fb7e7258142c17b-sock

Host: AMD Ryzen 5 4600H with Radeon Graphics         , 12 cores, 7G,  Windows 11 , 64 bit Build 22621 (10.0.22621.3672)
Time: Wed Jul 10 00:45:04 2024 India Standard Time elapsed time: 0.892912 seconds (0d 0h 0m 0s)

---------------  T H R E A D  ---------------

Current thread (0x000002126ea42b30):  JavaThread "C2 CompilerThread0" daemon [_thread_in_native, id=9440, stack(0x000000f864900000,0x000000f864a00000)]


Current CompileTask:
C2:    892  507       4       lombok.patcher.scripts.MethodLevelPatchScript::patch (21 bytes)

Stack: [0x000000f864900000,0x000000f864a00000]
Native frames: (J=compiled Java code, j=interpreted, Vv=VM code, C=native code)
V  [jvm.dll+0x67d429]
V  [jvm.dll+0x834b7a]
V  [jvm.dll+0x83663e]
V  [jvm.dll+0x836ca3]
V  [jvm.dll+0x247dbf]
V  [jvm.dll+0xac534]
V  [jvm.dll+0xacb7c]
V  [jvm.dll+0x366647]
V  [jvm.dll+0x1bd272]
V  [jvm.dll+0x21a5c9]
V  [jvm.dll+0x2198b1]
V  [jvm.dll+0x1a534d]
V  [jvm.dll+0x2295cd]
V  [jvm.dll+0x22779c]
V  [jvm.dll+0x7e9d07]
V  [jvm.dll+0x7e410a]
V  [jvm.dll+0x67c315]
C  [ucrtbase.dll+0x29333]
C  [KERNEL32.DLL+0x1257d]
C  [ntdll.dll+0x5af28]


---------------  P R O C E S S  ---------------

Threads class SMR info:
_java_thread_list=0x000002126ed29080, length=13, elements={
0x0000021255a30710, 0x00000212698b7020, 0x00000212698b87d0, 0x000002126ea3f890,
0x000002126ea402c0, 0x000002126ea41050, 0x000002126ea41c80, 0x000002126ea42b30,
0x000002126eaa12b0, 0x000002126eaad7f0, 0x0000021255a93350, 0x000002126ed8e000,
0x000002126ed4b0d0
}

Java Threads: ( => current thread )
  0x0000021255a30710 JavaThread "main" [_thread_in_vm, id=18700, stack(0x000000f864000000,0x000000f864100000)]
  0x00000212698b7020 JavaThread "Reference Handler" daemon [_thread_blocked, id=15488, stack(0x000000f864300000,0x000000f864400000)]
  0x00000212698b87d0 JavaThread "Finalizer" daemon [_thread_blocked, id=8992, stack(0x000000f864400000,0x000000f864500000)]
  0x000002126ea3f890 JavaThread "Signal Dispatcher" daemon [_thread_blocked, id=18120, stack(0x000000f864500000,0x000000f864600000)]
  0x000002126ea402c0 JavaThread "Attach Listener" daemon [_thread_blocked, id=16368, stack(0x000000f864600000,0x000000f864700000)]
  0x000002126ea41050 JavaThread "Service Thread" daemon [_thread_blocked, id=18492, stack(0x000000f864700000,0x000000f864800000)]
  0x000002126ea41c80 JavaThread "Monitor Deflation Thread" daemon [_thread_blocked, id=956, stack(0x000000f864800000,0x000000f864900000)]
=>0x000002126ea42b30 JavaThread "C2 CompilerThread0" daemon [_thread_in_native, id=9440, stack(0x000000f864900000,0x000000f864a00000)]
  0x000002126eaa12b0 JavaThread "C1 CompilerThread0" daemon [_thread_blocked, id=1604, stack(0x000000f864a00000,0x000000f864b00000)]
  0x000002126eaad7f0 JavaThread "Sweeper thread" daemon [_thread_blocked, id=18260, stack(0x000000f864b00000,0x000000f864c00000)]
  0x0000021255a93350 JavaThread "Common-Cleaner" daemon [_thread_blocked, id=4032, stack(0x000000f864c00000,0x000000f864d00000)]
  0x000002126ed8e000 JavaThread "Notification Thread" daemon [_thread_blocked, id=17356, stack(0x000000f864d00000,0x000000f864e00000)]
  0x000002126ed4b0d0 JavaThread "C2 CompilerThread1" daemon [_thread_in_native, id=16344, stack(0x000000f864f00000,0x000000f865000000)]

Other Threads:
  0x0000021255ad8900 VMThread "VM Thread" [stack: 0x000000f864200000,0x000000f864300000] [id=18376]
  0x000002126ed2ec80 WatcherThread [stack: 0x000000f864e00000,0x000000f864f00000] [id=15944]
  0x0000021255a441e0 GCTaskThread "GC Thread#0" [stack: 0x000000f864100000,0x000000f864200000] [id=13496]

Threads with active compile tasks:
C2 CompilerThread0      918  507       4       lombok.patcher.scripts.MethodLevelPatchScript::patch (21 bytes)
C2 CompilerThread1      918  535       4       lombok.patcher.PatchScript::classMatches (41 bytes)

VM state: not at safepoint (normal execution)

VM Mutex/Monitor currently owned by a thread: None

Heap address: 0x00000000c0000000, size: 1024 MB, Compressed Oops mode: 32-bit

CDS archive(s) not mapped
Compressed class space mapped at: 0x0000000100000000-0x0000000140000000, reserved size: 1073741824
Narrow klass base: 0x0000000000000000, Narrow klass shift: 3, Narrow klass range: 0x140000000

GC Precious Log:
 CPUs: 12 total, 12 available
 Memory: 7597M
 Large Page Support: Disabled
 NUMA Support: Disabled
 Compressed Oops: Enabled (32-bit)
 Alignments: Space 512K, Generation 512K, Heap 2M
 Heap Min Capacity: 100M
 Heap Initial Capacity: 100M
 Heap Max Capacity: 1G
 Pre-touch: Disabled
 Parallel Workers: 10

Heap:
 PSYoungGen      total 29696K, used 13113K [0x00000000eab00000, 0x00000000ecc00000, 0x0000000100000000)
  eden space 25600K, 51% used [0x00000000eab00000,0x00000000eb7ce7a0,0x00000000ec400000)
  from space 4096K, 0% used [0x00000000ec800000,0x00000000ec800000,0x00000000ecc00000)
  to   space 4096K, 0% used [0x00000000ec400000,0x00000000ec400000,0x00000000ec800000)
 ParOldGen       total 68608K, used 0K [0x00000000c0000000, 0x00000000c4300000, 0x00000000eab00000)
  object space 68608K, 0% used [0x00000000c0000000,0x00000000c0000000,0x00000000c4300000)
 Metaspace       used 8604K, committed 8704K, reserved 1114112K
  class space    used 852K, committed 896K, reserved 1048576K

Card table byte_map: [0x00000212553f0000,0x0000021255600000] _byte_map_base: 0x0000021254df0000

Marking Bits: (ParMarkBitMap*) 0x00007ff8ce21d820
 Begin Bits: [0x00000212676c0000, 0x00000212686c0000)
 End Bits:   [0x00000212686c0000, 0x00000212696c0000)

Polling page: 0x00000212551e0000

Metaspace:

Usage:
  Non-class:      7.58 MB used.
      Class:    855.02 KB used.
       Both:      8.42 MB used.

Virtual space:
  Non-class space:       64.00 MB reserved,       7.62 MB ( 12%) committed,  1 nodes.
      Class space:        1.00 GB reserved,     896.00 KB ( <1%) committed,  1 nodes.
             Both:        1.06 GB reserved,       8.50 MB ( <1%) committed. 

Chunk freelists:
   Non-Class:  8.00 MB
       Class:  15.09 MB
        Both:  23.09 MB

MaxMetaspaceSize: unlimited
CompressedClassSpaceSize: 1.00 GB
Initial GC threshold: 21.00 MB
Current GC threshold: 21.00 MB
CDS: off
MetaspaceReclaimPolicy: balanced
 - commit_granule_bytes: 65536.
 - commit_granule_words: 8192.
 - virtual_space_node_default_size: 8388608.
 - enlarge_chunks_in_place: 1.
 - new_chunks_are_fully_committed: 0.
 - uncommit_free_chunks: 1.
 - use_allocation_guard: 0.
 - handle_deallocations: 1.


Internal statistics:

num_allocs_failed_limit: 0.
num_arena_births: 10.
num_arena_deaths: 0.
num_vsnodes_births: 2.
num_vsnodes_deaths: 0.
num_space_committed: 136.
num_space_uncommitted: 0.
num_chunks_returned_to_freelist: 0.
num_chunks_taken_from_freelist: 41.
num_chunk_merges: 0.
num_chunk_splits: 23.
num_chunks_enlarged: 22.
num_inconsistent_stats: 0.

CodeHeap 'non-profiled nmethods': size=120000Kb used=190Kb max_used=190Kb free=119809Kb
 bounds [0x0000021260190000, 0x0000021260400000, 0x00000212676c0000]
CodeHeap 'profiled nmethods': size=120000Kb used=774Kb max_used=774Kb free=119225Kb
 bounds [0x00000212586c0000, 0x0000021258930000, 0x000002125fbf0000]
CodeHeap 'non-nmethods': size=5760Kb used=1129Kb max_used=1134Kb free=4630Kb
 bounds [0x000002125fbf0000, 0x000002125fe60000, 0x0000021260190000]
 total_blobs=966 nmethods=547 adapters=334
 compilation: enabled
              stopped_count=0, restarted_count=0
 full_count=0

Compilation events (20 events):
Event: 0.860 Thread 0x000002126eaa12b0  531       3       java.lang.Character::isSurrogate (18 bytes)
Event: 0.860 Thread 0x000002126eaa12b0 nmethod 531 0x000002125877b490 code [0x000002125877b620, 0x000002125877b7b8]
Event: 0.861 Thread 0x000002126eaa12b0  532   !   3       java.lang.invoke.MemberName::getMethodType (211 bytes)
Event: 0.862 Thread 0x000002126ed4b0d0 nmethod 525 0x00000212601be610 code [0x00000212601be7c0, 0x00000212601bebd8]
Event: 0.862 Thread 0x000002126eaa12b0 nmethod 532 0x000002125877b890 code [0x000002125877bb80, 0x000002125877d038]
Event: 0.863 Thread 0x000002126ed4b0d0  521       4       java.lang.Character::digit (6 bytes)
Event: 0.864 Thread 0x000002126eaa12b0  534       3       java.util.regex.Pattern::peek (26 bytes)
Event: 0.864 Thread 0x000002126eaa12b0 nmethod 534 0x000002125877d610 code [0x000002125877d7c0, 0x000002125877da28]
Event: 0.864 Thread 0x000002126ed4b0d0 nmethod 521 0x00000212601bf110 code [0x00000212601bf2a0, 0x00000212601bf398]
Event: 0.871 Thread 0x000002126ed4b0d0  535       4       lombok.patcher.PatchScript::classMatches (41 bytes)
Event: 0.879 Thread 0x000002126eaa12b0  537       3       sun.security.util.DerInputStream::available (10 bytes)
Event: 0.880 Thread 0x000002126eaa12b0 nmethod 537 0x000002125877db90 code [0x000002125877dd20, 0x000002125877de38]
Event: 0.882 Thread 0x000002126eaa12b0  538       3       java.lang.Byte::<init> (10 bytes)
Event: 0.882 Thread 0x000002126eaa12b0 nmethod 538 0x000002125877df10 code [0x000002125877e0c0, 0x000002125877e298]
Event: 0.882 Thread 0x000002126eaa12b0  539       3       java.util.jar.Manifest$FastInputStream::readLine (296 bytes)
Event: 0.883 Thread 0x000002126eaa12b0 nmethod 539 0x000002125877e390 code [0x000002125877e5c0, 0x000002125877eec8]
Event: 0.886 Thread 0x000002126eaa12b0  540       3       java.lang.reflect.Modifier::isPublic (12 bytes)
Event: 0.887 Thread 0x000002126eaa12b0 nmethod 540 0x000002125877f210 code [0x000002125877f3a0, 0x000002125877f4f8]
Event: 0.888 Thread 0x000002126eaa12b0  541       3       java.lang.reflect.Modifier::isProtected (12 bytes)
Event: 0.889 Thread 0x000002126eaa12b0 nmethod 541 0x000002125877f590 code [0x000002125877f720, 0x000002125877f878]

GC Heap History (0 events):
No events

Dll operation events (8 events):
Event: 0.025 Loaded shared library c:\Users\User\.vscode\extensions\redhat.java-1.32.0-win32-x64\jre\17.0.11-win32-x86_64\bin\java.dll
Event: 0.452 Loaded shared library c:\Users\User\.vscode\extensions\redhat.java-1.32.0-win32-x64\jre\17.0.11-win32-x86_64\bin\zip.dll
Event: 0.457 Loaded shared library C:\Users\User\.vscode\extensions\redhat.java-1.32.0-win32-x64\jre\17.0.11-win32-x86_64\bin\instrument.dll
Event: 0.473 Loaded shared library C:\Users\User\.vscode\extensions\redhat.java-1.32.0-win32-x64\jre\17.0.11-win32-x86_64\bin\net.dll
Event: 0.477 Loaded shared library C:\Users\User\.vscode\extensions\redhat.java-1.32.0-win32-x64\jre\17.0.11-win32-x86_64\bin\nio.dll
Event: 0.486 Loaded shared library C:\Users\User\.vscode\extensions\redhat.java-1.32.0-win32-x64\jre\17.0.11-win32-x86_64\bin\zip.dll
Event: 0.507 Loaded shared library C:\Users\User\.vscode\extensions\redhat.java-1.32.0-win32-x64\jre\17.0.11-win32-x86_64\bin\jimage.dll
Event: 0.602 Loaded shared library c:\Users\User\.vscode\extensions\redhat.java-1.32.0-win32-x64\jre\17.0.11-win32-x86_64\bin\verify.dll

Deoptimization events (20 events):
Event: 0.797 Thread 0x0000021255a30710 Uncommon trap: trap_request=0xffffffde fr.pc=0x00000212601b6c24 relative=0x0000000000000104
Event: 0.797 Thread 0x0000021255a30710 Uncommon trap: reason=class_check action=maybe_recompile pc=0x00000212601b6c24 method=jdk.internal.misc.Unsafe.allocateUninitializedArray(Ljava/lang/Class;I)Ljava/lang/Object; @ 51 c2
Event: 0.797 Thread 0x0000021255a30710 DEOPT PACKING pc=0x00000212601b6c24 sp=0x000000f8640fc2c0
Event: 0.797 Thread 0x0000021255a30710 DEOPT UNPACKING pc=0x000002125fc466a3 sp=0x000000f8640fc248 mode 2
Event: 0.797 Thread 0x0000021255a30710 Uncommon trap: trap_request=0xffffffde fr.pc=0x00000212601b6c24 relative=0x0000000000000104
Event: 0.797 Thread 0x0000021255a30710 Uncommon trap: reason=class_check action=maybe_recompile pc=0x00000212601b6c24 method=jdk.internal.misc.Unsafe.allocateUninitializedArray(Ljava/lang/Class;I)Ljava/lang/Object; @ 51 c2
Event: 0.797 Thread 0x0000021255a30710 DEOPT PACKING pc=0x00000212601b6c24 sp=0x000000f8640fc2c0
Event: 0.797 Thread 0x0000021255a30710 DEOPT UNPACKING pc=0x000002125fc466a3 sp=0x000000f8640fc248 mode 2
Event: 0.797 Thread 0x0000021255a30710 Uncommon trap: trap_request=0xffffffde fr.pc=0x00000212601b6c24 relative=0x0000000000000104
Event: 0.797 Thread 0x0000021255a30710 Uncommon trap: reason=class_check action=maybe_recompile pc=0x00000212601b6c24 method=jdk.internal.misc.Unsafe.allocateUninitializedArray(Ljava/lang/Class;I)Ljava/lang/Object; @ 51 c2
Event: 0.797 Thread 0x0000021255a30710 DEOPT PACKING pc=0x00000212601b6c24 sp=0x000000f8640fc300
Event: 0.797 Thread 0x0000021255a30710 DEOPT UNPACKING pc=0x000002125fc466a3 sp=0x000000f8640fc288 mode 2
Event: 0.826 Thread 0x0000021255a30710 Uncommon trap: trap_request=0xffffff45 fr.pc=0x00000212601a7140 relative=0x00000000000000c0
Event: 0.826 Thread 0x0000021255a30710 Uncommon trap: reason=unstable_if action=reinterpret pc=0x00000212601a7140 method=java.net.URI.match(CJJ)Z @ 45 c2
Event: 0.826 Thread 0x0000021255a30710 DEOPT PACKING pc=0x00000212601a7140 sp=0x000000f8640fca40
Event: 0.826 Thread 0x0000021255a30710 DEOPT UNPACKING pc=0x000002125fc466a3 sp=0x000000f8640fc9c8 mode 2
Event: 0.838 Thread 0x0000021255a30710 Uncommon trap: trap_request=0xffffff45 fr.pc=0x00000212601ba6ec relative=0x000000000000060c
Event: 0.838 Thread 0x0000021255a30710 Uncommon trap: reason=unstable_if action=reinterpret pc=0x00000212601ba6ec method=java.lang.String.replace(Ljava/lang/CharSequence;Ljava/lang/CharSequence;)Ljava/lang/String; @ 48 c2
Event: 0.838 Thread 0x0000021255a30710 DEOPT PACKING pc=0x00000212601ba6ec sp=0x000000f8640fc9b0
Event: 0.838 Thread 0x0000021255a30710 DEOPT UNPACKING pc=0x000002125fc466a3 sp=0x000000f8640fc930 mode 2

Classes unloaded (0 events):
No events

Classes redefined (0 events):
No events

Internal exceptions (2 events):
Event: 0.419 Thread 0x0000021255a30710 Exception <a 'java/lang/NoSuchMethodError'{0x00000000eacb5420}: 'void java.lang.invoke.DirectMethodHandle$Holder.invokeStatic(java.lang.Object, java.lang.Object, java.lang.Object)'> (0x00000000eacb5420) 
thrown [s\src\hotspot\share\interpreter\linkResolver.cpp, line 759]
Event: 0.638 Thread 0x0000021255a30710 Exception <a 'java/lang/reflect/InvocationTargetException'{0x00000000eafe70b8}> (0x00000000eafe70b8) 
thrown [s\src\hotspot\share\runtime\reflection.cpp, line 1121]

VM Operations (4 events):
Event: 0.426 Executing VM operation: HandshakeAllThreads
Event: 0.426 Executing VM operation: HandshakeAllThreads done
Event: 0.526 Executing VM operation: HandshakeAllThreads
Event: 0.526 Executing VM operation: HandshakeAllThreads done

Events (20 events):
Event: 0.873 loading class java/time/Duration
Event: 0.874 loading class java/time/temporal/TemporalAmount
Event: 0.874 loading class java/time/temporal/TemporalAmount done
Event: 0.874 loading class java/time/Duration done
Event: 0.875 loading class java/time/temporal/ValueRange
Event: 0.875 loading class java/time/temporal/ValueRange done
Event: 0.877 loading class java/time/LocalTime
Event: 0.878 loading class java/time/LocalTime done
Event: 0.878 loading class java/time/zone/ZoneOffsetTransition
Event: 0.879 loading class java/time/zone/ZoneOffsetTransition done
Event: 0.879 loading class java/util/Collections$SingletonList
Event: 0.879 loading class java/util/Collections$SingletonList done
Event: 0.879 loading class java/time/Instant
Event: 0.879 loading class java/time/Instant done
Event: 0.880 loading class sun/security/pkcs/PKCS9Attributes
Event: 0.880 loading class sun/security/pkcs/PKCS9Attributes done
Event: 0.880 loading class sun/security/pkcs/PKCS9Attribute
Event: 0.881 loading class sun/security/pkcs/PKCS9Attribute done
Event: 0.881 loading class java/lang/Byte$ByteCache
Event: 0.882 loading class java/lang/Byte$ByteCache done


Dynamic libraries:
0x00007ff61d0e0000 - 0x00007ff61d0ee000 	c:\Users\User\.vscode\extensions\redhat.java-1.32.0-win32-x64\jre\17.0.11-win32-x86_64\bin\java.exe
0x00007ff953f70000 - 0x00007ff954187000 	C:\Windows\SYSTEM32\ntdll.dll
0x00007ff952080000 - 0x00007ff952144000 	C:\Windows\System32\KERNEL32.DLL
0x00007ff951460000 - 0x00007ff95180d000 	C:\Windows\System32\KERNELBASE.dll
0x00007ff9519a0000 - 0x00007ff951ab1000 	C:\Windows\System32\ucrtbase.dll
0x00007ff94e680000 - 0x00007ff94e697000 	c:\Users\User\.vscode\extensions\redhat.java-1.32.0-win32-x64\jre\17.0.11-win32-x86_64\bin\jli.dll
0x00007ff951cb0000 - 0x00007ff951e5e000 	C:\Windows\System32\USER32.dll
0x00007ff94e4d0000 - 0x00007ff94e4eb000 	c:\Users\User\.vscode\extensions\redhat.java-1.32.0-win32-x64\jre\17.0.11-win32-x86_64\bin\VCRUNTIME140.dll
0x00007ff9518d0000 - 0x00007ff9518f6000 	C:\Windows\System32\win32u.dll
0x00007ff952530000 - 0x00007ff952559000 	C:\Windows\System32\GDI32.dll
0x00007ff951340000 - 0x00007ff951459000 	C:\Windows\System32\gdi32full.dll
0x00007ff93e6c0000 - 0x00007ff93e953000 	C:\Windows\WinSxS\amd64_microsoft.windows.common-controls_6595b64144ccf1df_6.0.22621.3672_none_2713b9d173822955\COMCTL32.dll
0x00007ff952260000 - 0x00007ff952307000 	C:\Windows\System32\msvcrt.dll
0x00007ff9512a0000 - 0x00007ff95133a000 	C:\Windows\System32\msvcp_win.dll
0x00007ff953d70000 - 0x00007ff953da1000 	C:\Windows\System32\IMM32.DLL
0x00007ff94e670000 - 0x00007ff94e67c000 	c:\Users\User\.vscode\extensions\redhat.java-1.32.0-win32-x64\jre\17.0.11-win32-x86_64\bin\vcruntime140_1.dll
0x00007ff939480000 - 0x00007ff93950d000 	c:\Users\User\.vscode\extensions\redhat.java-1.32.0-win32-x64\jre\17.0.11-win32-x86_64\bin\msvcp140.dll
0x00007ff8cd680000 - 0x00007ff8ce2e2000 	c:\Users\User\.vscode\extensions\redhat.java-1.32.0-win32-x64\jre\17.0.11-win32-x86_64\bin\server\jvm.dll
0x00007ff952ec0000 - 0x00007ff952f72000 	C:\Windows\System32\ADVAPI32.dll
0x00007ff951ef0000 - 0x00007ff951f99000 	C:\Windows\System32\sechost.dll
0x00007ff951970000 - 0x00007ff951998000 	C:\Windows\System32\bcrypt.dll
0x00007ff953e10000 - 0x00007ff953f24000 	C:\Windows\System32\RPCRT4.dll
0x00007ff950fb0000 - 0x00007ff950ffd000 	C:\Windows\SYSTEM32\POWRPROF.dll
0x00007ff92ff00000 - 0x00007ff92ff09000 	C:\Windows\SYSTEM32\WSOCK32.dll
0x00007ff9524b0000 - 0x00007ff952521000 	C:\Windows\System32\WS2_32.dll
0x00007ff94b400000 - 0x00007ff94b434000 	C:\Windows\SYSTEM32\WINMM.dll
0x00007ff94ebe0000 - 0x00007ff94ebea000 	C:\Windows\SYSTEM32\VERSION.dll
0x00007ff950f90000 - 0x00007ff950fa3000 	C:\Windows\SYSTEM32\UMPDC.dll
0x00007ff9502a0000 - 0x00007ff9502b8000 	C:\Windows\SYSTEM32\kernel.appcore.dll
0x00007ff94ade0000 - 0x00007ff94adea000 	c:\Users\User\.vscode\extensions\redhat.java-1.32.0-win32-x64\jre\17.0.11-win32-x86_64\bin\jimage.dll
0x00007ff947ba0000 - 0x00007ff947dd2000 	C:\Windows\SYSTEM32\DBGHELP.DLL
0x00007ff953650000 - 0x00007ff9539d8000 	C:\Windows\System32\combase.dll
0x00007ff951fa0000 - 0x00007ff952077000 	C:\Windows\System32\OLEAUT32.dll
0x00007ff9477d0000 - 0x00007ff947802000 	C:\Windows\SYSTEM32\dbgcore.DLL
0x00007ff951c30000 - 0x00007ff951cab000 	C:\Windows\System32\bcryptPrimitives.dll
0x00007ff948c80000 - 0x00007ff948c8e000 	c:\Users\User\.vscode\extensions\redhat.java-1.32.0-win32-x64\jre\17.0.11-win32-x86_64\bin\instrument.dll
0x00007ff939a00000 - 0x00007ff939a25000 	c:\Users\User\.vscode\extensions\redhat.java-1.32.0-win32-x64\jre\17.0.11-win32-x86_64\bin\java.dll
0x00007ff948c60000 - 0x00007ff948c78000 	c:\Users\User\.vscode\extensions\redhat.java-1.32.0-win32-x64\jre\17.0.11-win32-x86_64\bin\zip.dll
0x00007ff952660000 - 0x00007ff952ebf000 	C:\Windows\System32\SHELL32.dll
0x00007ff94f1a0000 - 0x00007ff94fa9c000 	C:\Windows\SYSTEM32\windows.storage.dll
0x00007ff94f060000 - 0x00007ff94f19f000 	C:\Windows\SYSTEM32\wintypes.dll
0x00007ff952310000 - 0x00007ff952404000 	C:\Windows\System32\SHCORE.dll
0x00007ff953410000 - 0x00007ff95346e000 	C:\Windows\System32\shlwapi.dll
0x00007ff9511d0000 - 0x00007ff9511f1000 	C:\Windows\SYSTEM32\profapi.dll
0x00007ff939850000 - 0x00007ff939869000 	C:\Users\User\.vscode\extensions\redhat.java-1.32.0-win32-x64\jre\17.0.11-win32-x86_64\bin\net.dll
0x00007ff94cc50000 - 0x00007ff94cd86000 	C:\Windows\SYSTEM32\WINHTTP.dll
0x00007ff950720000 - 0x00007ff950789000 	C:\Windows\system32\mswsock.dll
0x00007ff93aa10000 - 0x00007ff93aa26000 	C:\Users\User\.vscode\extensions\redhat.java-1.32.0-win32-x64\jre\17.0.11-win32-x86_64\bin\nio.dll
0x00007ff948bd0000 - 0x00007ff948be0000 	c:\Users\User\.vscode\extensions\redhat.java-1.32.0-win32-x64\jre\17.0.11-win32-x86_64\bin\verify.dll

dbghelp: loaded successfully - version: 4.0.5 - missing functions: none
symbol engine: initialized successfully - sym options: 0x614 - pdb path: .;c:\Users\User\.vscode\extensions\redhat.java-1.32.0-win32-x64\jre\17.0.11-win32-x86_64\bin;C:\Windows\SYSTEM32;C:\Windows\WinSxS\amd64_microsoft.windows.common-controls_6595b64144ccf1df_6.0.22621.3672_none_2713b9d173822955;c:\Users\User\.vscode\extensions\redhat.java-1.32.0-win32-x64\jre\17.0.11-win32-x86_64\bin\server

VM Arguments:
jvm_args: --add-modules=ALL-SYSTEM --add-opens=java.base/java.util=ALL-UNNAMED --add-opens=java.base/java.lang=ALL-UNNAMED --add-opens=java.base/sun.nio.fs=ALL-UNNAMED -Declipse.application=org.eclipse.jdt.ls.core.id1 -Dosgi.bundles.defaultStartLevel=4 -Declipse.product=org.eclipse.jdt.ls.core.product -Djava.import.generatesMetadataFilesAtProjectRoot=false -DDetectVMInstallationsJob.disabled=true -Dfile.encoding=utf8 -XX:+UseParallelGC -XX:GCTimeRatio=4 -XX:AdaptiveSizePolicyWeight=90 -Dsun.zip.disableMemoryMapping=true -Xmx1G -Xms100m -Xlog:disable -javaagent:c:\Users\User\.vscode\extensions\redhat.java-1.32.0-win32-x64\lombok\lombok-1.18.33.jar -XX:+HeapDumpOnOutOfMemoryError -XX:HeapDumpPath=c:\Users\User\AppData\Roaming\Code\User\workspaceStorage\5149e2c23c488972ad50cadfdd88e65e\redhat.java -Daether.dependencyCollector.impl=bf 
java_command: c:\Users\User\.vscode\extensions\redhat.java-1.32.0-win32-x64\server\plugins\org.eclipse.equinox.launcher_1.6.900.v20240613-2009.jar -configuration c:\Users\User\AppData\Roaming\Code\User\globalStorage\redhat.java\1.32.0\config_win -data c:\Users\User\AppData\Roaming\Code\User\workspaceStorage\5149e2c23c488972ad50cadfdd88e65e\redhat.java\jdt_ws --pipe=\\.\pipe\lsp-5db8c1ecb1476afe2fb7e7258142c17b-sock
java_class_path (initial): c:\Users\User\.vscode\extensions\redhat.java-1.32.0-win32-x64\server\plugins\org.eclipse.equinox.launcher_1.6.900.v20240613-2009.jar
Launcher Type: SUN_STANDARD

[Global flags]
    uintx AdaptiveSizePolicyWeight                 = 90                                        {product} {command line}
     intx CICompilerCount                          = 4                                         {product} {ergonomic}
    uintx GCTimeRatio                              = 4                                         {product} {command line}
     bool HeapDumpOnOutOfMemoryError               = true                                   {manageable} {command line}
    ccstr HeapDumpPath                             = c:\Users\User\AppData\Roaming\Code\User\workspaceStorage\5149e2c23c488972ad50cadfdd88e65e\redhat.java         {manageable} {command line}
   size_t InitialHeapSize                          = 104857600                                 {product} {command line}
   size_t MaxHeapSize                              = 1073741824                                {product} {command line}
   size_t MaxNewSize                               = 357564416                                 {product} {ergonomic}
   size_t MinHeapDeltaBytes                        = 524288                                    {product} {ergonomic}
   size_t MinHeapSize                              = 104857600                                 {product} {command line}
   size_t NewSize                                  = 34603008                                  {product} {ergonomic}
    uintx NonNMethodCodeHeapSize                   = 5839372                                {pd product} {ergonomic}
    uintx NonProfiledCodeHeapSize                  = 122909434                              {pd product} {ergonomic}
   size_t OldSize                                  = 70254592                                  {product} {ergonomic}
    uintx ProfiledCodeHeapSize                     = 122909434                              {pd product} {ergonomic}
    uintx ReservedCodeCacheSize                    = 251658240                              {pd product} {ergonomic}
     bool SegmentedCodeCache                       = true                                      {product} {ergonomic}
   size_t SoftMaxHeapSize                          = 1073741824                             {manageable} {ergonomic}
     bool UseCompressedClassPointers               = true                           {product lp64_product} {ergonomic}
     bool UseCompressedOops                        = true                           {product lp64_product} {ergonomic}
     bool UseLargePagesIndividualAllocation        = false                                  {pd product} {ergonomic}
     bool UseParallelGC                            = true                                      {product} {command line}

Logging:
Log output configuration:
 #0: stdout all=off uptime,level,tags
 #1: stderr all=off uptime,level,tags

Environment Variables:
PATH=C:\oraclexe\app\oracle\product\10.2.0\server\bin;C:\Program Files (x86)\Common Files\Oracle\Java\javapath;C:\Windows\system32;C:\Windows;C:\Windows\System32\Wbem;C:\Windows\System32\WindowsPowerShell\v1.0\;C:\Windows\System32\OpenSSH\;C:\Program Files\dotnet\;D:\Git\cmd;C:\Program Files\nodejs\;C:\Program Files\Microsoft SQL Server\150\Tools\Binn\;C:\Program Files\Microsoft SQL Server\Client SDK\ODBC\170\Tools\Binn\;C:\Program Files (x86)\Windows Kits\10\Windows Performance Toolkit\;C:\Program Files (x86)\NVIDIA Corporation\PhysX\Common;C:\Program Files\NVIDIA Corporation\NVIDIA NvDLISR;C:\Users\User\AppData\Local\Programs\Python\Python312\Scripts\;C:\Users\User\AppData\Local\Programs\Python\Python312\;C:\Users\User\AppData\Local\Programs\Python\Launcher\;C:\Users\User;C:\Users\User\AppData\Local\Programs\Microsoft VS Code\bin;C:\Users\User\Downloads\dartsdk-windows-ia32-release\dart-sdk\bin;C:\Windows\System32;C:\flutter\bin;C:\Users\User\AppData\Roaming\npm;C:\Users\User\AppData\Local\Pub\Cache\bin;C:\Users\User\AppData\Local\Programs\Python;C:\Users\User\AppData\Local\Programs\Python\Python312\Scripts;
USERNAME=User
OS=Windows_NT
PROCESSOR_IDENTIFIER=AMD64 Family 23 Model 96 Stepping 1, AuthenticAMD
TMP=C:\Users\User\AppData\Local\Temp
TEMP=C:\Users\User\AppData\Local\Temp



Periodic native trim disabled


---------------  S Y S T E M  ---------------

OS:
 Windows 11 , 64 bit Build 22621 (10.0.22621.3672)
OS uptime: 0 days 1:00 hours
Hyper-V role detected

CPU: total 12 (initial active 12) (12 cores per cpu, 2 threads per core) family 23 model 96 stepping 1 microcode 0x0, cx8, cmov, fxsr, ht, mmx, 3dnowpref, sse, sse2, sse3, ssse3, sse4a, sse4.1, sse4.2, popcnt, lzcnt, tsc, tscinvbit, avx, avx2, aes, clmul, bmi1, bmi2, adx, sha, fma, vzeroupper, clflush, clflushopt, hv
Processor Information for all 12 processors :
  Max Mhz: 3001, Current Mhz: 3001, Mhz Limit: 3001

Memory: 4k page, system-wide physical 7597M (528M free)
TotalPageFile size 23186M (AvailPageFile size 1M)
current process WorkingSet (physical memory assigned to process): 56M, peak: 56M
current process commit charge ("private bytes"): 202M, peak: 202M

vm_info: OpenJDK 64-Bit Server VM (17.0.11+9) for windows-amd64 JRE (17.0.11+9), built on Apr 17 2024 06:07:48 by "admin" with MS VC++ 16.10 / 16.11 (VS2019)

END.
